ERROR - 2025-04-24 12:07:20 --> mysqli_sql_exception: Duplicate entry 'jamesryanlopez69@gmail.com' for key 'email' in C:\xampp\htdocs\testing\system\Database\MySQLi\Connection.php:327
Stack trace:
#0 C:\xampp\htdocs\testing\system\Database\MySQLi\Connection.php(327): mysqli->query('INSERT INTO `us...', 0)
#1 C:\xampp\htdocs\testing\system\Database\BaseConnection.php(738): CodeIgniter\Database\MySQLi\Connection->execute('INSERT INTO `us...')
#2 C:\xampp\htdocs\testing\system\Database\BaseConnection.php(652): CodeIgniter\Database\BaseConnection->simpleQuery('INSERT INTO `us...')
#3 C:\xampp\htdocs\testing\system\Database\BaseBuilder.php(2345): CodeIgniter\Database\BaseConnection->query('INSERT INTO `us...', Array, false)
#4 C:\xampp\htdocs\testing\system\Model.php(394): CodeIgniter\Database\BaseBuilder->insert()
#5 C:\xampp\htdocs\testing\system\BaseModel.php(839): CodeIgniter\Model->doInsert(Array)
#6 C:\xampp\htdocs\testing\system\Model.php(800): CodeIgniter\BaseModel->insert(Array, false)
#7 C:\xampp\htdocs\testing\system\BaseModel.php(750): CodeIgniter\Model->insert(Array, false)
#8 C:\xampp\htdocs\testing\app\Controllers\RegisterController.php(17): CodeIgniter\BaseModel->save(Array)
#9 C:\xampp\htdocs\testing\system\CodeIgniter.php(933): App\Controllers\RegisterController->register()
#10 C:\xampp\htdocs\testing\system\CodeIgniter.php(507): CodeIgniter\CodeIgniter->runController(Object(App\Controllers\RegisterController))
#11 C:\xampp\htdocs\testing\system\CodeIgniter.php(354): CodeIgniter\CodeIgniter->handleRequest(NULL, Object(Config\Cache), false)
#12 C:\xampp\htdocs\testing\system\Boot.php(334): CodeIgniter\CodeIgniter->run()
#13 C:\xampp\htdocs\testing\system\Boot.php(67): CodeIgniter\Boot::runCodeIgniter(Object(CodeIgniter\CodeIgniter))
#14 C:\xampp\htdocs\testing\public\index.php(56): CodeIgniter\Boot::bootWeb(Object(Config\Paths))
#15 {main}
CRITICAL - 2025-04-24 12:07:20 --> CodeIgniter\Database\Exceptions\DatabaseException: Duplicate entry 'jamesryanlopez69@gmail.com' for key 'email'
[Method: POST, Route: register]
in SYSTEMPATH\Database\BaseConnection.php on line 692.
 1 SYSTEMPATH\Database\BaseBuilder.php(2345): CodeIgniter\Database\BaseConnection->query('INSERT INTO `user_account` (`name`, `email`, `password`) VALUES (:name:, :email:, :password:)', [...], false)
 2 SYSTEMPATH\Model.php(394): CodeIgniter\Database\BaseBuilder->insert()
 3 SYSTEMPATH\BaseModel.php(839): CodeIgniter\Model->doInsert([...])
 4 SYSTEMPATH\Model.php(800): CodeIgniter\BaseModel->insert([...], false)
 5 SYSTEMPATH\BaseModel.php(750): CodeIgniter\Model->insert([...], false)
 6 APPPATH\Controllers\RegisterController.php(17): CodeIgniter\BaseModel->save([...])
 7 SYSTEMPATH\CodeIgniter.php(933): App\Controllers\RegisterController->register()
 8 SYSTEMPATH\CodeIgniter.php(507): CodeIgniter\CodeIgniter->runController(Object(App\Controllers\RegisterController))
 9 SYSTEMPATH\CodeIgniter.php(354): CodeIgniter\CodeIgniter->handleRequest(null, Object(Config\Cache), false)
10 SYSTEMPATH\Boot.php(334): CodeIgniter\CodeIgniter->run()
11 SYSTEMPATH\Boot.php(67): CodeIgniter\Boot::runCodeIgniter(Object(CodeIgniter\CodeIgniter))
12 FCPATH\index.php(56): CodeIgniter\Boot::bootWeb(Object(Config\Paths))
CRITICAL - 2025-04-24 12:07:20 --> [Caused by] CodeIgniter\Database\Exceptions\DatabaseException: Duplicate entry 'jamesryanlopez69@gmail.com' for key 'email'
in SYSTEMPATH\Database\MySQLi\Connection.php on line 332.
 1 SYSTEMPATH\Database\BaseConnection.php(738): CodeIgniter\Database\MySQLi\Connection->execute('INSERT INTO `user_account` (`name`, `email`, `password`) VALUES (\'Hendrian Generalao\', \'jamesryanlopez69@gmail.com\', \'$2y$10$wXOWqnqZOTy5UNfT.N1F4uNtb0uyhb7Hi5nUDX3mlSWxnKliTl8fW\')')
 2 SYSTEMPATH\Database\BaseConnection.php(652): CodeIgniter\Database\BaseConnection->simpleQuery('INSERT INTO `user_account` (`name`, `email`, `password`) VALUES (\'Hendrian Generalao\', \'jamesryanlopez69@gmail.com\', \'$2y$10$wXOWqnqZOTy5UNfT.N1F4uNtb0uyhb7Hi5nUDX3mlSWxnKliTl8fW\')')
 3 SYSTEMPATH\Database\BaseBuilder.php(2345): CodeIgniter\Database\BaseConnection->query('INSERT INTO `user_account` (`name`, `email`, `password`) VALUES (:name:, :email:, :password:)', [...], false)
 4 SYSTEMPATH\Model.php(394): CodeIgniter\Database\BaseBuilder->insert()
 5 SYSTEMPATH\BaseModel.php(839): CodeIgniter\Model->doInsert([...])
 6 SYSTEMPATH\Model.php(800): CodeIgniter\BaseModel->insert([...], false)
 7 SYSTEMPATH\BaseModel.php(750): CodeIgniter\Model->insert([...], false)
 8 APPPATH\Controllers\RegisterController.php(17): CodeIgniter\BaseModel->save([...])
 9 SYSTEMPATH\CodeIgniter.php(933): App\Controllers\RegisterController->register()
10 SYSTEMPATH\CodeIgniter.php(507): CodeIgniter\CodeIgniter->runController(Object(App\Controllers\RegisterController))
11 SYSTEMPATH\CodeIgniter.php(354): CodeIgniter\CodeIgniter->handleRequest(null, Object(Config\Cache), false)
12 SYSTEMPATH\Boot.php(334): CodeIgniter\CodeIgniter->run()
13 SYSTEMPATH\Boot.php(67): CodeIgniter\Boot::runCodeIgniter(Object(CodeIgniter\CodeIgniter))
14 FCPATH\index.php(56): CodeIgniter\Boot::bootWeb(Object(Config\Paths))
CRITICAL - 2025-04-24 12:07:20 --> [Caused by] mysqli_sql_exception: Duplicate entry 'jamesryanlopez69@gmail.com' for key 'email'
in SYSTEMPATH\Database\MySQLi\Connection.php on line 327.
 1 SYSTEMPATH\Database\MySQLi\Connection.php(327): mysqli->query('INSERT INTO `user_account` (`name`, `email`, `password`) VALUES (\'Hendrian Generalao\', \'jamesryanlopez69@gmail.com\', \'$2y$10$wXOWqnqZOTy5UNfT.N1F4uNtb0uyhb7Hi5nUDX3mlSWxnKliTl8fW\')', 0)
 2 SYSTEMPATH\Database\BaseConnection.php(738): CodeIgniter\Database\MySQLi\Connection->execute('INSERT INTO `user_account` (`name`, `email`, `password`) VALUES (\'Hendrian Generalao\', \'jamesryanlopez69@gmail.com\', \'$2y$10$wXOWqnqZOTy5UNfT.N1F4uNtb0uyhb7Hi5nUDX3mlSWxnKliTl8fW\')')
 3 SYSTEMPATH\Database\BaseConnection.php(652): CodeIgniter\Database\BaseConnection->simpleQuery('INSERT INTO `user_account` (`name`, `email`, `password`) VALUES (\'Hendrian Generalao\', \'jamesryanlopez69@gmail.com\', \'$2y$10$wXOWqnqZOTy5UNfT.N1F4uNtb0uyhb7Hi5nUDX3mlSWxnKliTl8fW\')')
 4 SYSTEMPATH\Database\BaseBuilder.php(2345): CodeIgniter\Database\BaseConnection->query('INSERT INTO `user_account` (`name`, `email`, `password`) VALUES (:name:, :email:, :password:)', [...], false)
 5 SYSTEMPATH\Model.php(394): CodeIgniter\Database\BaseBuilder->insert()
 6 SYSTEMPATH\BaseModel.php(839): CodeIgniter\Model->doInsert([...])
 7 SYSTEMPATH\Model.php(800): CodeIgniter\BaseModel->insert([...], false)
 8 SYSTEMPATH\BaseModel.php(750): CodeIgniter\Model->insert([...], false)
 9 APPPATH\Controllers\RegisterController.php(17): CodeIgniter\BaseModel->save([...])
10 SYSTEMPATH\CodeIgniter.php(933): App\Controllers\RegisterController->register()
11 SYSTEMPATH\CodeIgniter.php(507): CodeIgniter\CodeIgniter->runController(Object(App\Controllers\RegisterController))
12 SYSTEMPATH\CodeIgniter.php(354): CodeIgniter\CodeIgniter->handleRequest(null, Object(Config\Cache), false)
13 SYSTEMPATH\Boot.php(334): CodeIgniter\CodeIgniter->run()
14 SYSTEMPATH\Boot.php(67): CodeIgniter\Boot::runCodeIgniter(Object(CodeIgniter\CodeIgniter))
15 FCPATH\index.php(56): CodeIgniter\Boot::bootWeb(Object(Config\Paths))
ERROR - 2025-04-24 12:07:45 --> mysqli_sql_exception: Duplicate entry 'jamesryanlopez69@gmail.com' for key 'email' in C:\xampp\htdocs\testing\system\Database\MySQLi\Connection.php:327
Stack trace:
#0 C:\xampp\htdocs\testing\system\Database\MySQLi\Connection.php(327): mysqli->query('INSERT INTO `us...', 0)
#1 C:\xampp\htdocs\testing\system\Database\BaseConnection.php(738): CodeIgniter\Database\MySQLi\Connection->execute('INSERT INTO `us...')
#2 C:\xampp\htdocs\testing\system\Database\BaseConnection.php(652): CodeIgniter\Database\BaseConnection->simpleQuery('INSERT INTO `us...')
#3 C:\xampp\htdocs\testing\system\Database\BaseBuilder.php(2345): CodeIgniter\Database\BaseConnection->query('INSERT INTO `us...', Array, false)
#4 C:\xampp\htdocs\testing\system\Model.php(394): CodeIgniter\Database\BaseBuilder->insert()
#5 C:\xampp\htdocs\testing\system\BaseModel.php(839): CodeIgniter\Model->doInsert(Array)
#6 C:\xampp\htdocs\testing\system\Model.php(800): CodeIgniter\BaseModel->insert(Array, false)
#7 C:\xampp\htdocs\testing\system\BaseModel.php(750): CodeIgniter\Model->insert(Array, false)
#8 C:\xampp\htdocs\testing\app\Controllers\RegisterController.php(17): CodeIgniter\BaseModel->save(Array)
#9 C:\xampp\htdocs\testing\system\CodeIgniter.php(933): App\Controllers\RegisterController->register()
#10 C:\xampp\htdocs\testing\system\CodeIgniter.php(507): CodeIgniter\CodeIgniter->runController(Object(App\Controllers\RegisterController))
#11 C:\xampp\htdocs\testing\system\CodeIgniter.php(354): CodeIgniter\CodeIgniter->handleRequest(NULL, Object(Config\Cache), false)
#12 C:\xampp\htdocs\testing\system\Boot.php(334): CodeIgniter\CodeIgniter->run()
#13 C:\xampp\htdocs\testing\system\Boot.php(67): CodeIgniter\Boot::runCodeIgniter(Object(CodeIgniter\CodeIgniter))
#14 C:\xampp\htdocs\testing\public\index.php(56): CodeIgniter\Boot::bootWeb(Object(Config\Paths))
#15 {main}
CRITICAL - 2025-04-24 12:07:45 --> CodeIgniter\Database\Exceptions\DatabaseException: Duplicate entry 'jamesryanlopez69@gmail.com' for key 'email'
[Method: POST, Route: register]
in SYSTEMPATH\Database\BaseConnection.php on line 692.
 1 SYSTEMPATH\Database\BaseBuilder.php(2345): CodeIgniter\Database\BaseConnection->query('INSERT INTO `user_account` (`name`, `email`, `password`) VALUES (:name:, :email:, :password:)', [...], false)
 2 SYSTEMPATH\Model.php(394): CodeIgniter\Database\BaseBuilder->insert()
 3 SYSTEMPATH\BaseModel.php(839): CodeIgniter\Model->doInsert([...])
 4 SYSTEMPATH\Model.php(800): CodeIgniter\BaseModel->insert([...], false)
 5 SYSTEMPATH\BaseModel.php(750): CodeIgniter\Model->insert([...], false)
 6 APPPATH\Controllers\RegisterController.php(17): CodeIgniter\BaseModel->save([...])
 7 SYSTEMPATH\CodeIgniter.php(933): App\Controllers\RegisterController->register()
 8 SYSTEMPATH\CodeIgniter.php(507): CodeIgniter\CodeIgniter->runController(Object(App\Controllers\RegisterController))
 9 SYSTEMPATH\CodeIgniter.php(354): CodeIgniter\CodeIgniter->handleRequest(null, Object(Config\Cache), false)
10 SYSTEMPATH\Boot.php(334): CodeIgniter\CodeIgniter->run()
11 SYSTEMPATH\Boot.php(67): CodeIgniter\Boot::runCodeIgniter(Object(CodeIgniter\CodeIgniter))
12 FCPATH\index.php(56): CodeIgniter\Boot::bootWeb(Object(Config\Paths))
CRITICAL - 2025-04-24 12:07:45 --> [Caused by] CodeIgniter\Database\Exceptions\DatabaseException: Duplicate entry 'jamesryanlopez69@gmail.com' for key 'email'
in SYSTEMPATH\Database\MySQLi\Connection.php on line 332.
 1 SYSTEMPATH\Database\BaseConnection.php(738): CodeIgniter\Database\MySQLi\Connection->execute('INSERT INTO `user_account` (`name`, `email`, `password`) VALUES (\'Hendrian\', \'jamesryanlopez69@gmail.com\', \'$2y$10$JBtK05HbiWU8SiECvo7LeOlhI/nsBiorrjcnVDHz4v3UPxZ.cCKse\')')
 2 SYSTEMPATH\Database\BaseConnection.php(652): CodeIgniter\Database\BaseConnection->simpleQuery('INSERT INTO `user_account` (`name`, `email`, `password`) VALUES (\'Hendrian\', \'jamesryanlopez69@gmail.com\', \'$2y$10$JBtK05HbiWU8SiECvo7LeOlhI/nsBiorrjcnVDHz4v3UPxZ.cCKse\')')
 3 SYSTEMPATH\Database\BaseBuilder.php(2345): CodeIgniter\Database\BaseConnection->query('INSERT INTO `user_account` (`name`, `email`, `password`) VALUES (:name:, :email:, :password:)', [...], false)
 4 SYSTEMPATH\Model.php(394): CodeIgniter\Database\BaseBuilder->insert()
 5 SYSTEMPATH\BaseModel.php(839): CodeIgniter\Model->doInsert([...])
 6 SYSTEMPATH\Model.php(800): CodeIgniter\BaseModel->insert([...], false)
 7 SYSTEMPATH\BaseModel.php(750): CodeIgniter\Model->insert([...], false)
 8 APPPATH\Controllers\RegisterController.php(17): CodeIgniter\BaseModel->save([...])
 9 SYSTEMPATH\CodeIgniter.php(933): App\Controllers\RegisterController->register()
10 SYSTEMPATH\CodeIgniter.php(507): CodeIgniter\CodeIgniter->runController(Object(App\Controllers\RegisterController))
11 SYSTEMPATH\CodeIgniter.php(354): CodeIgniter\CodeIgniter->handleRequest(null, Object(Config\Cache), false)
12 SYSTEMPATH\Boot.php(334): CodeIgniter\CodeIgniter->run()
13 SYSTEMPATH\Boot.php(67): CodeIgniter\Boot::runCodeIgniter(Object(CodeIgniter\CodeIgniter))
14 FCPATH\index.php(56): CodeIgniter\Boot::bootWeb(Object(Config\Paths))
CRITICAL - 2025-04-24 12:07:45 --> [Caused by] mysqli_sql_exception: Duplicate entry 'jamesryanlopez69@gmail.com' for key 'email'
in SYSTEMPATH\Database\MySQLi\Connection.php on line 327.
 1 SYSTEMPATH\Database\MySQLi\Connection.php(327): mysqli->query('INSERT INTO `user_account` (`name`, `email`, `password`) VALUES (\'Hendrian\', \'jamesryanlopez69@gmail.com\', \'$2y$10$JBtK05HbiWU8SiECvo7LeOlhI/nsBiorrjcnVDHz4v3UPxZ.cCKse\')', 0)
 2 SYSTEMPATH\Database\BaseConnection.php(738): CodeIgniter\Database\MySQLi\Connection->execute('INSERT INTO `user_account` (`name`, `email`, `password`) VALUES (\'Hendrian\', \'jamesryanlopez69@gmail.com\', \'$2y$10$JBtK05HbiWU8SiECvo7LeOlhI/nsBiorrjcnVDHz4v3UPxZ.cCKse\')')
 3 SYSTEMPATH\Database\BaseConnection.php(652): CodeIgniter\Database\BaseConnection->simpleQuery('INSERT INTO `user_account` (`name`, `email`, `password`) VALUES (\'Hendrian\', \'jamesryanlopez69@gmail.com\', \'$2y$10$JBtK05HbiWU8SiECvo7LeOlhI/nsBiorrjcnVDHz4v3UPxZ.cCKse\')')
 4 SYSTEMPATH\Database\BaseBuilder.php(2345): CodeIgniter\Database\BaseConnection->query('INSERT INTO `user_account` (`name`, `email`, `password`) VALUES (:name:, :email:, :password:)', [...], false)
 5 SYSTEMPATH\Model.php(394): CodeIgniter\Database\BaseBuilder->insert()
 6 SYSTEMPATH\BaseModel.php(839): CodeIgniter\Model->doInsert([...])
 7 SYSTEMPATH\Model.php(800): CodeIgniter\BaseModel->insert([...], false)
 8 SYSTEMPATH\BaseModel.php(750): CodeIgniter\Model->insert([...], false)
 9 APPPATH\Controllers\RegisterController.php(17): CodeIgniter\BaseModel->save([...])
10 SYSTEMPATH\CodeIgniter.php(933): App\Controllers\RegisterController->register()
11 SYSTEMPATH\CodeIgniter.php(507): CodeIgniter\CodeIgniter->runController(Object(App\Controllers\RegisterController))
12 SYSTEMPATH\CodeIgniter.php(354): CodeIgniter\CodeIgniter->handleRequest(null, Object(Config\Cache), false)
13 SYSTEMPATH\Boot.php(334): CodeIgniter\CodeIgniter->run()
14 SYSTEMPATH\Boot.php(67): CodeIgniter\Boot::runCodeIgniter(Object(CodeIgniter\CodeIgniter))
15 FCPATH\index.php(56): CodeIgniter\Boot::bootWeb(Object(Config\Paths))
CRITICAL - 2025-04-24 12:54:43 --> ParseError: syntax error, unexpected single-quoted string ") ?>", expecting ")"
[Method: GET, Route: logout]
in APPPATH\Controllers\LogoutController.php on line 10.
 1 SYSTEMPATH\Autoloader\Autoloader.php(295): CodeIgniter\Autoloader\Autoloader->includeFile('C:\\xampp\\htdocs\\testing\\app\\Controllers\\LogoutController.php')
 2 SYSTEMPATH\Autoloader\Autoloader.php(271): CodeIgniter\Autoloader\Autoloader->loadInNamespace('App\\Controllers\\LogoutController')
 3 [internal function]: CodeIgniter\Autoloader\Autoloader->loadClass('App\\Controllers\\LogoutController')
 4 SYSTEMPATH\CodeIgniter.php(885): class_exists('\\App\\Controllers\\LogoutController', true)
 5 SYSTEMPATH\CodeIgniter.php(494): CodeIgniter\CodeIgniter->startController()
 6 SYSTEMPATH\CodeIgniter.php(354): CodeIgniter\CodeIgniter->handleRequest(null, Object(Config\Cache), false)
 7 SYSTEMPATH\Boot.php(334): CodeIgniter\CodeIgniter->run()
 8 SYSTEMPATH\Boot.php(67): CodeIgniter\Boot::runCodeIgniter(Object(CodeIgniter\CodeIgniter))
 9 FCPATH\index.php(56): CodeIgniter\Boot::bootWeb(Object(Config\Paths))
CRITICAL - 2025-04-24 13:10:17 --> CodeIgniter\View\Exceptions\ViewException: Invalid file: "partials/header.php"
[Method: POST, Route: login]
in SYSTEMPATH\Exceptions\FrameworkException.php on line 39.
 1 SYSTEMPATH\View\View.php(212): CodeIgniter\Exceptions\FrameworkException::forInvalidFile('partials/header.php')
 2 SYSTEMPATH\View\View.php(475): CodeIgniter\View\View->render('partials/header', null, true)
 3 APPPATH\Views\home.php(26): CodeIgniter\View\View->include('partials/header')
 4 SYSTEMPATH\View\View.php(224): include('C:\\xampp\\htdocs\\testing\\app\\Views\\home.php')
 5 SYSTEMPATH\View\View.php(227): CodeIgniter\View\View->CodeIgniter\View\{closure}()
 6 SYSTEMPATH\Common.php(1173): CodeIgniter\View\View->render('home', [], true)
 7 APPPATH\Controllers\LoginController.php(26): view('home')
 8 SYSTEMPATH\CodeIgniter.php(933): App\Controllers\LoginController->login()
 9 SYSTEMPATH\CodeIgniter.php(507): CodeIgniter\CodeIgniter->runController(Object(App\Controllers\LoginController))
10 SYSTEMPATH\CodeIgniter.php(354): CodeIgniter\CodeIgniter->handleRequest(null, Object(Config\Cache), false)
11 SYSTEMPATH\Boot.php(334): CodeIgniter\CodeIgniter->run()
12 SYSTEMPATH\Boot.php(67): CodeIgniter\Boot::runCodeIgniter(Object(CodeIgniter\CodeIgniter))
13 FCPATH\index.php(56): CodeIgniter\Boot::bootWeb(Object(Config\Paths))
DEBUG - 2025-04-24 16:02:30 --> Session: Class initialized using 'CodeIgniter\Session\Handlers\FileHandler' driver.
DEBUG - 2025-04-24 16:03:49 --> Session: Class initialized using 'CodeIgniter\Session\Handlers\FileHandler' driver.
DEBUG - 2025-04-24 16:06:10 --> Session: Class initialized using 'CodeIgniter\Session\Handlers\FileHandler' driver.
DEBUG - 2025-04-24 16:12:00 --> Session: Class initialized using 'CodeIgniter\Session\Handlers\FileHandler' driver.
DEBUG - 2025-04-24 16:13:50 --> Session: Class initialized using 'CodeIgniter\Session\Handlers\FileHandler' driver.
DEBUG - 2025-04-24 16:17:32 --> Session: Class initialized using 'CodeIgniter\Session\Handlers\FileHandler' driver.
DEBUG - 2025-04-24 16:18:29 --> Session: Class initialized using 'CodeIgniter\Session\Handlers\FileHandler' driver.
DEBUG - 2025-04-24 16:18:57 --> Session: Class initialized using 'CodeIgniter\Session\Handlers\FileHandler' driver.
DEBUG - 2025-04-24 16:20:15 --> Session: Class initialized using 'CodeIgniter\Session\Handlers\FileHandler' driver.
DEBUG - 2025-04-24 16:21:13 --> Session: Class initialized using 'CodeIgniter\Session\Handlers\FileHandler' driver.
CRITICAL - 2025-04-24 16:21:21 --> TypeError: App\Controllers\BackToLogin::btl(): Return value must be of type string, CodeIgniter\HTTP\RedirectResponse returned
[Method: GET, Route: login]
in APPPATH\Controllers\BackToLogin.php on line 9.
 1 SYSTEMPATH\CodeIgniter.php(933): App\Controllers\BackToLogin->btl()
 2 SYSTEMPATH\CodeIgniter.php(507): CodeIgniter\CodeIgniter->runController(Object(App\Controllers\BackToLogin))
 3 SYSTEMPATH\CodeIgniter.php(354): CodeIgniter\CodeIgniter->handleRequest(null, Object(Config\Cache), false)
 4 SYSTEMPATH\Boot.php(334): CodeIgniter\CodeIgniter->run()
 5 SYSTEMPATH\Boot.php(67): CodeIgniter\Boot::runCodeIgniter(Object(CodeIgniter\CodeIgniter))
 6 FCPATH\index.php(56): CodeIgniter\Boot::bootWeb(Object(Config\Paths))
DEBUG - 2025-04-24 16:22:13 --> Session: Class initialized using 'CodeIgniter\Session\Handlers\FileHandler' driver.
DEBUG - 2025-04-24 16:32:03 --> Session: Class initialized using 'CodeIgniter\Session\Handlers\FileHandler' driver.
DEBUG - 2025-04-24 16:32:24 --> Session: Class initialized using 'CodeIgniter\Session\Handlers\FileHandler' driver.
DEBUG - 2025-04-24 16:44:09 --> Session: Class initialized using 'CodeIgniter\Session\Handlers\FileHandler' driver.
CRITICAL - 2025-04-24 16:44:57 --> ErrorException: Undefined variable $day
[Method: POST, Route: make-appointment]
in APPPATH\Controllers\AppointmentController.php on line 17.
 1 APPPATH\Controllers\AppointmentController.php(17): CodeIgniter\Debug\Exceptions->errorHandler(2, 'Undefined variable $day', 'C:\\xampp\\htdocs\\testing\\app\\Controllers\\AppointmentController.php', 17)
 2 SYSTEMPATH\CodeIgniter.php(933): App\Controllers\AppointmentController->book()
 3 SYSTEMPATH\CodeIgniter.php(507): CodeIgniter\CodeIgniter->runController(Object(App\Controllers\AppointmentController))
 4 SYSTEMPATH\CodeIgniter.php(354): CodeIgniter\CodeIgniter->handleRequest(null, Object(Config\Cache), false)
 5 SYSTEMPATH\Boot.php(334): CodeIgniter\CodeIgniter->run()
 6 SYSTEMPATH\Boot.php(67): CodeIgniter\Boot::runCodeIgniter(Object(CodeIgniter\CodeIgniter))
 7 FCPATH\index.php(56): CodeIgniter\Boot::bootWeb(Object(Config\Paths))
CRITICAL - 2025-04-24 16:46:53 --> ErrorException: Undefined variable $days
[Method: POST, Route: make-appointment]
in APPPATH\Controllers\AppointmentController.php on line 17.
 1 APPPATH\Controllers\AppointmentController.php(17): CodeIgniter\Debug\Exceptions->errorHandler(2, 'Undefined variable $days', 'C:\\xampp\\htdocs\\testing\\app\\Controllers\\AppointmentController.php', 17)
 2 SYSTEMPATH\CodeIgniter.php(933): App\Controllers\AppointmentController->book()
 3 SYSTEMPATH\CodeIgniter.php(507): CodeIgniter\CodeIgniter->runController(Object(App\Controllers\AppointmentController))
 4 SYSTEMPATH\CodeIgniter.php(354): CodeIgniter\CodeIgniter->handleRequest(null, Object(Config\Cache), false)
 5 SYSTEMPATH\Boot.php(334): CodeIgniter\CodeIgniter->run()
 6 SYSTEMPATH\Boot.php(67): CodeIgniter\Boot::runCodeIgniter(Object(CodeIgniter\CodeIgniter))
 7 FCPATH\index.php(56): CodeIgniter\Boot::bootWeb(Object(Config\Paths))
CRITICAL - 2025-04-24 16:47:03 --> ErrorException: Undefined variable $days
[Method: POST, Route: make-appointment]
in APPPATH\Controllers\AppointmentController.php on line 17.
 1 APPPATH\Controllers\AppointmentController.php(17): CodeIgniter\Debug\Exceptions->errorHandler(2, 'Undefined variable $days', 'C:\\xampp\\htdocs\\testing\\app\\Controllers\\AppointmentController.php', 17)
 2 SYSTEMPATH\CodeIgniter.php(933): App\Controllers\AppointmentController->book()
 3 SYSTEMPATH\CodeIgniter.php(507): CodeIgniter\CodeIgniter->runController(Object(App\Controllers\AppointmentController))
 4 SYSTEMPATH\CodeIgniter.php(354): CodeIgniter\CodeIgniter->handleRequest(null, Object(Config\Cache), false)
 5 SYSTEMPATH\Boot.php(334): CodeIgniter\CodeIgniter->run()
 6 SYSTEMPATH\Boot.php(67): CodeIgniter\Boot::runCodeIgniter(Object(CodeIgniter\CodeIgniter))
 7 FCPATH\index.php(56): CodeIgniter\Boot::bootWeb(Object(Config\Paths))
CRITICAL - 2025-04-24 16:54:18 --> ErrorException: Undefined variable $day
[Method: POST, Route: make-appointment]
in APPPATH\Controllers\AppointmentController.php on line 19.
 1 APPPATH\Controllers\AppointmentController.php(19): CodeIgniter\Debug\Exceptions->errorHandler(2, 'Undefined variable $day', 'C:\\xampp\\htdocs\\testing\\app\\Controllers\\AppointmentController.php', 19)
 2 SYSTEMPATH\CodeIgniter.php(933): App\Controllers\AppointmentController->book()
 3 SYSTEMPATH\CodeIgniter.php(507): CodeIgniter\CodeIgniter->runController(Object(App\Controllers\AppointmentController))
 4 SYSTEMPATH\CodeIgniter.php(354): CodeIgniter\CodeIgniter->handleRequest(null, Object(Config\Cache), false)
 5 SYSTEMPATH\Boot.php(334): CodeIgniter\CodeIgniter->run()
 6 SYSTEMPATH\Boot.php(67): CodeIgniter\Boot::runCodeIgniter(Object(CodeIgniter\CodeIgniter))
 7 FCPATH\index.php(56): CodeIgniter\Boot::bootWeb(Object(Config\Paths))
DEBUG - 2025-04-24 17:04:27 --> Session: Class initialized using 'CodeIgniter\Session\Handlers\FileHandler' driver.
CRITICAL - 2025-04-24 17:04:41 --> ErrorException: Undefined variable $appointments
[Method: GET, Route: appointments/viewSchedules]
in APPPATH\Views\viewSchedules.php on line 82.
 1 APPPATH\Views\viewSchedules.php(82): CodeIgniter\Debug\Exceptions->errorHandler(2, 'Undefined variable $appointments', 'C:\\xampp\\htdocs\\testing\\app\\Views\\viewSchedules.php', 82)
 2 SYSTEMPATH\View\View.php(224): include('C:\\xampp\\htdocs\\testing\\app\\Views\\viewSchedules.php')
 3 SYSTEMPATH\View\View.php(227): CodeIgniter\View\View->CodeIgniter\View\{closure}()
 4 SYSTEMPATH\Common.php(1173): CodeIgniter\View\View->render('viewSchedules', [], true)
 5 APPPATH\Controllers\Appointments.php(14): view('viewSchedules')
 6 SYSTEMPATH\CodeIgniter.php(933): App\Controllers\Appointments->viewSchedules()
 7 SYSTEMPATH\CodeIgniter.php(507): CodeIgniter\CodeIgniter->runController(Object(App\Controllers\Appointments))
 8 SYSTEMPATH\CodeIgniter.php(354): CodeIgniter\CodeIgniter->handleRequest(null, Object(Config\Cache), false)
 9 SYSTEMPATH\Boot.php(334): CodeIgniter\CodeIgniter->run()
10 SYSTEMPATH\Boot.php(67): CodeIgniter\Boot::runCodeIgniter(Object(CodeIgniter\CodeIgniter))
11 FCPATH\index.php(56): CodeIgniter\Boot::bootWeb(Object(Config\Paths))
CRITICAL - 2025-04-24 17:06:30 --> ErrorException: Undefined variable $appointments
[Method: GET, Route: appointments/viewSchedules]
in APPPATH\Views\viewSchedules.php on line 82.
 1 APPPATH\Views\viewSchedules.php(82): CodeIgniter\Debug\Exceptions->errorHandler(2, 'Undefined variable $appointments', 'C:\\xampp\\htdocs\\testing\\app\\Views\\viewSchedules.php', 82)
 2 SYSTEMPATH\View\View.php(224): include('C:\\xampp\\htdocs\\testing\\app\\Views\\viewSchedules.php')
 3 SYSTEMPATH\View\View.php(227): CodeIgniter\View\View->CodeIgniter\View\{closure}()
 4 SYSTEMPATH\Common.php(1173): CodeIgniter\View\View->render('viewSchedules', [], true)
 5 APPPATH\Controllers\Appointments.php(14): view('viewSchedules')
 6 SYSTEMPATH\CodeIgniter.php(933): App\Controllers\Appointments->viewSchedules()
 7 SYSTEMPATH\CodeIgniter.php(507): CodeIgniter\CodeIgniter->runController(Object(App\Controllers\Appointments))
 8 SYSTEMPATH\CodeIgniter.php(354): CodeIgniter\CodeIgniter->handleRequest(null, Object(Config\Cache), false)
 9 SYSTEMPATH\Boot.php(334): CodeIgniter\CodeIgniter->run()
10 SYSTEMPATH\Boot.php(67): CodeIgniter\Boot::runCodeIgniter(Object(CodeIgniter\CodeIgniter))
11 FCPATH\index.php(56): CodeIgniter\Boot::bootWeb(Object(Config\Paths))
CRITICAL - 2025-04-24 17:08:03 --> ErrorException: Undefined variable $appointments
[Method: GET, Route: appointments/viewSchedules]
in APPPATH\Views\viewSchedules.php on line 82.
 1 APPPATH\Views\viewSchedules.php(82): CodeIgniter\Debug\Exceptions->errorHandler(2, 'Undefined variable $appointments', 'C:\\xampp\\htdocs\\testing\\app\\Views\\viewSchedules.php', 82)
 2 SYSTEMPATH\View\View.php(224): include('C:\\xampp\\htdocs\\testing\\app\\Views\\viewSchedules.php')
 3 SYSTEMPATH\View\View.php(227): CodeIgniter\View\View->CodeIgniter\View\{closure}()
 4 SYSTEMPATH\Common.php(1173): CodeIgniter\View\View->render('viewSchedules', [], true)
 5 APPPATH\Controllers\Appointments.php(14): view('viewSchedules')
 6 SYSTEMPATH\CodeIgniter.php(933): App\Controllers\Appointments->viewSchedules()
 7 SYSTEMPATH\CodeIgniter.php(507): CodeIgniter\CodeIgniter->runController(Object(App\Controllers\Appointments))
 8 SYSTEMPATH\CodeIgniter.php(354): CodeIgniter\CodeIgniter->handleRequest(null, Object(Config\Cache), false)
 9 SYSTEMPATH\Boot.php(334): CodeIgniter\CodeIgniter->run()
10 SYSTEMPATH\Boot.php(67): CodeIgniter\Boot::runCodeIgniter(Object(CodeIgniter\CodeIgniter))
11 FCPATH\index.php(56): CodeIgniter\Boot::bootWeb(Object(Config\Paths))
CRITICAL - 2025-04-24 17:14:20 --> ErrorException: Undefined variable $currentMonth
[Method: GET, Route: appointments/viewSchedules]
in APPPATH\Views\viewSchedules.php on line 14.
 1 APPPATH\Views\viewSchedules.php(14): CodeIgniter\Debug\Exceptions->errorHandler(2, 'Undefined variable $currentMonth', 'C:\\xampp\\htdocs\\testing\\app\\Views\\viewSchedules.php', 14)
 2 SYSTEMPATH\View\View.php(224): include('C:\\xampp\\htdocs\\testing\\app\\Views\\viewSchedules.php')
 3 SYSTEMPATH\View\View.php(227): CodeIgniter\View\View->CodeIgniter\View\{closure}()
 4 SYSTEMPATH\Common.php(1173): CodeIgniter\View\View->render('viewSchedules', [], true)
 5 APPPATH\Controllers\Appointments.php(14): view('viewSchedules')
 6 SYSTEMPATH\CodeIgniter.php(933): App\Controllers\Appointments->viewSchedules()
 7 SYSTEMPATH\CodeIgniter.php(507): CodeIgniter\CodeIgniter->runController(Object(App\Controllers\Appointments))
 8 SYSTEMPATH\CodeIgniter.php(354): CodeIgniter\CodeIgniter->handleRequest(null, Object(Config\Cache), false)
 9 SYSTEMPATH\Boot.php(334): CodeIgniter\CodeIgniter->run()
10 SYSTEMPATH\Boot.php(67): CodeIgniter\Boot::runCodeIgniter(Object(CodeIgniter\CodeIgniter))
11 FCPATH\index.php(56): CodeIgniter\Boot::bootWeb(Object(Config\Paths))
CRITICAL - 2025-04-24 17:15:16 --> ErrorException: Undefined variable $appointments
[Method: GET, Route: appointments/viewSchedules]
in APPPATH\Views\viewSchedules.php on line 34.
 1 APPPATH\Views\viewSchedules.php(34): CodeIgniter\Debug\Exceptions->errorHandler(2, 'Undefined variable $appointments', 'C:\\xampp\\htdocs\\testing\\app\\Views\\viewSchedules.php', 34)
 2 SYSTEMPATH\View\View.php(224): include('C:\\xampp\\htdocs\\testing\\app\\Views\\viewSchedules.php')
 3 SYSTEMPATH\View\View.php(227): CodeIgniter\View\View->CodeIgniter\View\{closure}()
 4 SYSTEMPATH\Common.php(1173): CodeIgniter\View\View->render('viewSchedules', [], true)
 5 APPPATH\Controllers\Appointments.php(14): view('viewSchedules')
 6 SYSTEMPATH\CodeIgniter.php(933): App\Controllers\Appointments->viewSchedules()
 7 SYSTEMPATH\CodeIgniter.php(507): CodeIgniter\CodeIgniter->runController(Object(App\Controllers\Appointments))
 8 SYSTEMPATH\CodeIgniter.php(354): CodeIgniter\CodeIgniter->handleRequest(null, Object(Config\Cache), false)
 9 SYSTEMPATH\Boot.php(334): CodeIgniter\CodeIgniter->run()
10 SYSTEMPATH\Boot.php(67): CodeIgniter\Boot::runCodeIgniter(Object(CodeIgniter\CodeIgniter))
11 FCPATH\index.php(56): CodeIgniter\Boot::bootWeb(Object(Config\Paths))
CRITICAL - 2025-04-24 17:17:09 --> ErrorException: Undefined variable $currentMonth
[Method: GET, Route: appointments/viewSchedules]
in APPPATH\Views\viewSchedules.php on line 14.
 1 APPPATH\Views\viewSchedules.php(14): CodeIgniter\Debug\Exceptions->errorHandler(2, 'Undefined variable $currentMonth', 'C:\\xampp\\htdocs\\testing\\app\\Views\\viewSchedules.php', 14)
 2 SYSTEMPATH\View\View.php(224): include('C:\\xampp\\htdocs\\testing\\app\\Views\\viewSchedules.php')
 3 SYSTEMPATH\View\View.php(227): CodeIgniter\View\View->CodeIgniter\View\{closure}()
 4 SYSTEMPATH\Common.php(1173): CodeIgniter\View\View->render('viewSchedules', [], true)
 5 APPPATH\Controllers\Appointments.php(14): view('viewSchedules')
 6 SYSTEMPATH\CodeIgniter.php(933): App\Controllers\Appointments->viewSchedules()
 7 SYSTEMPATH\CodeIgniter.php(507): CodeIgniter\CodeIgniter->runController(Object(App\Controllers\Appointments))
 8 SYSTEMPATH\CodeIgniter.php(354): CodeIgniter\CodeIgniter->handleRequest(null, Object(Config\Cache), false)
 9 SYSTEMPATH\Boot.php(334): CodeIgniter\CodeIgniter->run()
10 SYSTEMPATH\Boot.php(67): CodeIgniter\Boot::runCodeIgniter(Object(CodeIgniter\CodeIgniter))
11 FCPATH\index.php(56): CodeIgniter\Boot::bootWeb(Object(Config\Paths))
CRITICAL - 2025-04-24 17:22:05 --> ErrorException: Undefined variable $currentMonth
[Method: GET, Route: appointments/viewSchedules]
in APPPATH\Views\viewSchedules.php on line 124.
 1 APPPATH\Views\viewSchedules.php(124): CodeIgniter\Debug\Exceptions->errorHandler(2, 'Undefined variable $currentMonth', 'C:\\xampp\\htdocs\\testing\\app\\Views\\viewSchedules.php', 124)
 2 SYSTEMPATH\View\View.php(224): include('C:\\xampp\\htdocs\\testing\\app\\Views\\viewSchedules.php')
 3 SYSTEMPATH\View\View.php(227): CodeIgniter\View\View->CodeIgniter\View\{closure}()
 4 SYSTEMPATH\Common.php(1173): CodeIgniter\View\View->render('viewSchedules', [], true)
 5 APPPATH\Controllers\Appointments.php(14): view('viewSchedules')
 6 SYSTEMPATH\CodeIgniter.php(933): App\Controllers\Appointments->viewSchedules()
 7 SYSTEMPATH\CodeIgniter.php(507): CodeIgniter\CodeIgniter->runController(Object(App\Controllers\Appointments))
 8 SYSTEMPATH\CodeIgniter.php(354): CodeIgniter\CodeIgniter->handleRequest(null, Object(Config\Cache), false)
 9 SYSTEMPATH\Boot.php(334): CodeIgniter\CodeIgniter->run()
10 SYSTEMPATH\Boot.php(67): CodeIgniter\Boot::runCodeIgniter(Object(CodeIgniter\CodeIgniter))
11 FCPATH\index.php(56): CodeIgniter\Boot::bootWeb(Object(Config\Paths))
CRITICAL - 2025-04-24 17:26:10 --> ErrorException: Undefined variable $appointmentsByDate
[Method: GET, Route: appointments/viewSchedules]
in APPPATH\Views\viewSchedules.php on line 147.
 1 APPPATH\Views\viewSchedules.php(147): CodeIgniter\Debug\Exceptions->errorHandler(2, 'Undefined variable $appointmentsByDate', 'C:\\xampp\\htdocs\\testing\\app\\Views\\viewSchedules.php', 147)
 2 SYSTEMPATH\View\View.php(224): include('C:\\xampp\\htdocs\\testing\\app\\Views\\viewSchedules.php')
 3 SYSTEMPATH\View\View.php(227): CodeIgniter\View\View->CodeIgniter\View\{closure}()
 4 SYSTEMPATH\Common.php(1173): CodeIgniter\View\View->render('viewSchedules', [], true)
 5 APPPATH\Controllers\Appointments.php(14): view('viewSchedules')
 6 SYSTEMPATH\CodeIgniter.php(933): App\Controllers\Appointments->viewSchedules()
 7 SYSTEMPATH\CodeIgniter.php(507): CodeIgniter\CodeIgniter->runController(Object(App\Controllers\Appointments))
 8 SYSTEMPATH\CodeIgniter.php(354): CodeIgniter\CodeIgniter->handleRequest(null, Object(Config\Cache), false)
 9 SYSTEMPATH\Boot.php(334): CodeIgniter\CodeIgniter->run()
10 SYSTEMPATH\Boot.php(67): CodeIgniter\Boot::runCodeIgniter(Object(CodeIgniter\CodeIgniter))
11 FCPATH\index.php(56): CodeIgniter\Boot::bootWeb(Object(Config\Paths))
CRITICAL - 2025-04-24 17:30:34 --> ErrorException: Undefined variable $appointmentsByDay
[Method: GET, Route: appointments/viewSchedules]
in APPPATH\Views\viewSchedules.php on line 146.
 1 APPPATH\Views\viewSchedules.php(146): CodeIgniter\Debug\Exceptions->errorHandler(2, 'Undefined variable $appointmentsByDay', 'C:\\xampp\\htdocs\\testing\\app\\Views\\viewSchedules.php', 146)
 2 SYSTEMPATH\View\View.php(224): include('C:\\xampp\\htdocs\\testing\\app\\Views\\viewSchedules.php')
 3 SYSTEMPATH\View\View.php(227): CodeIgniter\View\View->CodeIgniter\View\{closure}()
 4 SYSTEMPATH\Common.php(1173): CodeIgniter\View\View->render('viewSchedules', [], true)
 5 APPPATH\Controllers\Appointments.php(14): view('viewSchedules')
 6 SYSTEMPATH\CodeIgniter.php(933): App\Controllers\Appointments->viewSchedules()
 7 SYSTEMPATH\CodeIgniter.php(507): CodeIgniter\CodeIgniter->runController(Object(App\Controllers\Appointments))
 8 SYSTEMPATH\CodeIgniter.php(354): CodeIgniter\CodeIgniter->handleRequest(null, Object(Config\Cache), false)
 9 SYSTEMPATH\Boot.php(334): CodeIgniter\CodeIgniter->run()
10 SYSTEMPATH\Boot.php(67): CodeIgniter\Boot::runCodeIgniter(Object(CodeIgniter\CodeIgniter))
11 FCPATH\index.php(56): CodeIgniter\Boot::bootWeb(Object(Config\Paths))
CRITICAL - 2025-04-24 17:30:43 --> ErrorException: Undefined variable $appointmentsByDay
[Method: GET, Route: appointments/viewSchedules]
in APPPATH\Views\viewSchedules.php on line 146.
 1 APPPATH\Views\viewSchedules.php(146): CodeIgniter\Debug\Exceptions->errorHandler(2, 'Undefined variable $appointmentsByDay', 'C:\\xampp\\htdocs\\testing\\app\\Views\\viewSchedules.php', 146)
 2 SYSTEMPATH\View\View.php(224): include('C:\\xampp\\htdocs\\testing\\app\\Views\\viewSchedules.php')
 3 SYSTEMPATH\View\View.php(227): CodeIgniter\View\View->CodeIgniter\View\{closure}()
 4 SYSTEMPATH\Common.php(1173): CodeIgniter\View\View->render('viewSchedules', [], true)
 5 APPPATH\Controllers\Appointments.php(14): view('viewSchedules')
 6 SYSTEMPATH\CodeIgniter.php(933): App\Controllers\Appointments->viewSchedules()
 7 SYSTEMPATH\CodeIgniter.php(507): CodeIgniter\CodeIgniter->runController(Object(App\Controllers\Appointments))
 8 SYSTEMPATH\CodeIgniter.php(354): CodeIgniter\CodeIgniter->handleRequest(null, Object(Config\Cache), false)
 9 SYSTEMPATH\Boot.php(334): CodeIgniter\CodeIgniter->run()
10 SYSTEMPATH\Boot.php(67): CodeIgniter\Boot::runCodeIgniter(Object(CodeIgniter\CodeIgniter))
11 FCPATH\index.php(56): CodeIgniter\Boot::bootWeb(Object(Config\Paths))
DEBUG - 2025-04-24 17:36:42 --> Session: Class initialized using 'CodeIgniter\Session\Handlers\FileHandler' driver.
DEBUG - 2025-04-24 17:52:21 --> Session: Class initialized using 'CodeIgniter\Session\Handlers\FileHandler' driver.
DEBUG - 2025-04-24 17:53:53 --> Session: Class initialized using 'CodeIgniter\Session\Handlers\FileHandler' driver.
DEBUG - 2025-04-24 17:53:59 --> Session: Class initialized using 'CodeIgniter\Session\Handlers\FileHandler' driver.
DEBUG - 2025-04-24 17:54:40 --> Session: Class initialized using 'CodeIgniter\Session\Handlers\FileHandler' driver.
CRITICAL - 2025-04-24 18:07:16 --> Error: Class "App\Controllers\AppointmentModel" not found
[Method: GET, Route: appointments/viewSchedules]
in APPPATH\Controllers\Appointments.php on line 15.
 1 SYSTEMPATH\CodeIgniter.php(933): App\Controllers\Appointments->viewSchedules()
 2 SYSTEMPATH\CodeIgniter.php(507): CodeIgniter\CodeIgniter->runController(Object(App\Controllers\Appointments))
 3 SYSTEMPATH\CodeIgniter.php(354): CodeIgniter\CodeIgniter->handleRequest(null, Object(Config\Cache), false)
 4 SYSTEMPATH\Boot.php(334): CodeIgniter\CodeIgniter->run()
 5 SYSTEMPATH\Boot.php(67): CodeIgniter\Boot::runCodeIgniter(Object(CodeIgniter\CodeIgniter))
 6 FCPATH\index.php(56): CodeIgniter\Boot::bootWeb(Object(Config\Paths))
CRITICAL - 2025-04-24 18:09:14 --> Error: Class "App\Controllers\AppointmentModel" not found
[Method: GET, Route: appointments/viewSchedules]
in APPPATH\Controllers\Appointments.php on line 15.
 1 SYSTEMPATH\CodeIgniter.php(933): App\Controllers\Appointments->viewSchedules()
 2 SYSTEMPATH\CodeIgniter.php(507): CodeIgniter\CodeIgniter->runController(Object(App\Controllers\Appointments))
 3 SYSTEMPATH\CodeIgniter.php(354): CodeIgniter\CodeIgniter->handleRequest(null, Object(Config\Cache), false)
 4 SYSTEMPATH\Boot.php(334): CodeIgniter\CodeIgniter->run()
 5 SYSTEMPATH\Boot.php(67): CodeIgniter\Boot::runCodeIgniter(Object(CodeIgniter\CodeIgniter))
 6 FCPATH\index.php(56): CodeIgniter\Boot::bootWeb(Object(Config\Paths))
CRITICAL - 2025-04-24 18:09:17 --> Error: Class "App\Controllers\AppointmentModel" not found
[Method: GET, Route: appointments/viewSchedules]
in APPPATH\Controllers\Appointments.php on line 15.
 1 SYSTEMPATH\CodeIgniter.php(933): App\Controllers\Appointments->viewSchedules()
 2 SYSTEMPATH\CodeIgniter.php(507): CodeIgniter\CodeIgniter->runController(Object(App\Controllers\Appointments))
 3 SYSTEMPATH\CodeIgniter.php(354): CodeIgniter\CodeIgniter->handleRequest(null, Object(Config\Cache), false)
 4 SYSTEMPATH\Boot.php(334): CodeIgniter\CodeIgniter->run()
 5 SYSTEMPATH\Boot.php(67): CodeIgniter\Boot::runCodeIgniter(Object(CodeIgniter\CodeIgniter))
 6 FCPATH\index.php(56): CodeIgniter\Boot::bootWeb(Object(Config\Paths))
